TN:
SF:/Users/cliffano/dev/workspace/eggtart/lib/baker.js
FN:10,Baker
FN:20,(anonymous_2)
FN:24,postCb
FN:40,(anonymous_4)
FN:42,postCb
FN:48,(anonymous_6)
FN:63,(anonymous_7)
FN:67,iterPosts
FN:71,(anonymous_9)
FN:76,(anonymous_10)
FNF:10
FNH:10
FNDA:10,Baker
FNDA:1,(anonymous_2)
FNDA:1,postCb
FNDA:2,(anonymous_4)
FNDA:2,postCb
FNDA:2,(anonymous_6)
FNDA:3,(anonymous_7)
FNDA:4,iterPosts
FNDA:4,(anonymous_9)
FNDA:1,(anonymous_10)
DA:1,3
DA:2,3
DA:3,3
DA:10,1
DA:11,10
DA:20,3
DA:22,1
DA:24,1
DA:25,1
DA:26,1
DA:27,1
DA:30,1
DA:40,3
DA:42,1
DA:44,2
DA:45,2
DA:46,2
DA:48,2
DA:49,2
DA:50,1
DA:52,1
DA:55,2
DA:59,2
DA:63,3
DA:65,3
DA:67,1
DA:69,4
DA:71,4
DA:73,4
DA:74,1
DA:75,3
DA:76,1
DA:77,1
DA:79,1
DA:81,2
DA:82,2
DA:87,3
DA:90,3
LF:38
LH:38
BRDA:49,1,0,1
BRDA:49,1,1,1
BRDA:73,2,0,1
BRDA:73,2,1,3
BRDA:75,3,0,1
BRDA:75,3,1,2
BRF:6
BRH:6
end_of_record
TN:
SF:/Users/cliffano/dev/workspace/eggtart/lib/cli.js
FN:6,_baker
FN:13,_delete
FN:18,_screenshot
FN:26,exec
FNF:4
FNH:4
FNDA:4,_baker
FNDA:2,_delete
FNDA:2,_screenshot
FNDA:5,exec
DA:1,1
DA:2,1
DA:3,1
DA:4,1
DA:6,1
DA:7,4
DA:8,4
DA:9,4
DA:10,4
DA:13,1
DA:14,2
DA:15,2
DA:18,1
DA:19,2
DA:20,2
DA:26,1
DA:28,5
DA:35,5
DA:38,1
LF:19
LH:19
BRDA:7,1,0,2
BRDA:7,1,1,2
BRDA:14,2,0,1
BRDA:14,2,1,1
BRDA:19,3,0,1
BRDA:19,3,1,1
BRF:6
BRH:6
end_of_record
TN:
SF:/Users/cliffano/dev/workspace/eggtart/lib/eggtart.js
FN:17,Eggtart
FN:31,(anonymous_2)
FN:36,(anonymous_3)
FN:39,(anonymous_4)
FN:40,(anonymous_5)
FN:49,(anonymous_6)
FN:59,(anonymous_7)
FN:66,(anonymous_8)
FN:71,_success
FN:75,_error
FN:76,(anonymous_11)
FN:92,(anonymous_12)
FNF:12
FNH:12
FNDA:8,Eggtart
FNDA:8,(anonymous_2)
FNDA:20,(anonymous_3)
FNDA:86,(anonymous_4)
FNDA:2,(anonymous_5)
FNDA:2,(anonymous_6)
FNDA:4,(anonymous_7)
FNDA:2,(anonymous_8)
FNDA:1,_success
FNDA:1,_error
FNDA:1,(anonymous_11)
FNDA:2,(anonymous_12)
DA:1,1
DA:17,1
DA:18,8
DA:20,8
DA:21,8
DA:22,8
DA:27,8
DA:31,1
DA:32,8
DA:36,8
DA:37,20
DA:39,20
DA:40,86
DA:41,2
DA:42,1
DA:43,1
DA:46,2
DA:49,2
DA:50,2
DA:51,1
DA:53,1
DA:59,20
DA:60,4
DA:66,1
DA:68,2
DA:71,1
DA:72,1
DA:75,1
DA:76,1
DA:77,1
DA:81,2
DA:92,2
DA:93,2
DA:97,1
LF:34
LH:34
BRDA:18,1,0,8
BRDA:18,1,1,5
BRDA:20,2,0,8
BRDA:20,2,1,7
BRDA:21,3,0,8
BRDA:21,3,1,5
BRDA:41,4,0,1
BRDA:41,4,1,1
BRDA:50,5,0,1
BRDA:50,5,1,1
BRF:10
BRH:10
end_of_record
TN:
SF:/Users/cliffano/dev/workspace/eggtart/lib/validator.js
FN:11,validate
FN:16,(anonymous_2)
FN:22,(anonymous_3)
FN:39,_comma
FN:45,_known
FN:46,(anonymous_6)
FN:53,_required
FN:54,(anonymous_8)
FN:61,_date
FN:67,_min_1
FN:73,_max_100
FN:79,_no
FN:85,_novalue
FN:91,_number
FN:97,_string
FN:103,_url
FN:109,_yes
FNF:17
FNH:17
FNDA:6,validate
FNDA:4,(anonymous_2)
FNDA:5,(anonymous_3)
FNDA:2,_comma
FNDA:6,_known
FNDA:9,(anonymous_6)
FNDA:5,_required
FNDA:9,(anonymous_8)
FNDA:2,_date
FNDA:4,_min_1
FNDA:4,_max_100
FNDA:2,_no
FNDA:2,_novalue
FNDA:3,_number
FNDA:4,_string
FNDA:3,_url
FNDA:2,_yes
DA:1,1
DA:11,1
DA:12,6
DA:13,6
DA:14,5
DA:16,4
DA:18,4
DA:21,4
DA:22,4
DA:23,5
DA:24,4
DA:28,2
DA:33,2
DA:35,4
DA:39,1
DA:40,2
DA:41,1
DA:45,1
DA:46,6
DA:47,9
DA:48,1
DA:53,1
DA:54,5
DA:55,9
DA:56,1
DA:61,1
DA:62,2
DA:63,1
DA:67,1
DA:68,4
DA:69,1
DA:73,1
DA:74,4
DA:75,1
DA:79,1
DA:80,2
DA:81,1
DA:85,1
DA:86,2
DA:87,1
DA:91,1
DA:92,3
DA:93,1
DA:97,1
DA:98,4
DA:99,2
DA:103,1
DA:104,3
DA:105,2
DA:109,1
DA:110,2
DA:111,1
DA:115,1
DA:116,1
LF:54
LH:54
BRDA:23,1,0,4
BRDA:23,1,1,1
BRDA:40,2,0,1
BRDA:40,2,1,1
BRDA:47,3,0,1
BRDA:47,3,1,8
BRDA:55,4,0,1
BRDA:55,4,1,8
BRDA:55,5,0,9
BRDA:55,5,1,2
BRDA:62,6,0,1
BRDA:62,6,1,1
BRDA:68,7,0,1
BRDA:68,7,1,3
BRDA:74,8,0,1
BRDA:74,8,1,3
BRDA:80,9,0,1
BRDA:80,9,1,1
BRDA:86,10,0,1
BRDA:86,10,1,1
BRDA:92,11,0,1
BRDA:92,11,1,2
BRDA:98,12,0,2
BRDA:98,12,1,2
BRDA:98,13,0,4
BRDA:98,13,1,2
BRDA:104,14,0,2
BRDA:104,14,1,1
BRDA:110,15,0,1
BRDA:110,15,1,1
BRF:30
BRH:30
end_of_record
